[debug] [2021-01-06T02:05:29.856Z] ----------------------------------------------------------------------
[debug] [2021-01-06T02:05:29.865Z] Command:       C:\Program Files\nodejs\node.exe C:\Users\localadmin\AppData\Roaming\npm\node_modules\firebase-tools\lib\bin\firebase.js emulators:start
[debug] [2021-01-06T02:05:29.867Z] CLI Version:   9.1.0
[debug] [2021-01-06T02:05:29.868Z] Platform:      win32
[debug] [2021-01-06T02:05:29.868Z] Node Version:  v14.15.0
[debug] [2021-01-06T02:05:29.885Z] Time:          Tue Jan 05 2021 21:05:29 GMT-0500 (Eastern Standard Time)
[debug] [2021-01-06T02:05:29.886Z] ----------------------------------------------------------------------
[debug] [2021-01-06T02:05:29.886Z] 
[debug] [2021-01-06T02:05:29.919Z] >>> [apiv2][query] GET https://firebase-public.firebaseio.com/cli.json [none]
[debug] [2021-01-06T02:05:30.054Z] > command requires scopes: ["email","openid","https://www.googleapis.com/auth/cloudplatformprojects.readonly","https://www.googleapis.com/auth/firebase","https://www.googleapis.com/auth/cloud-platform"]
[debug] [2021-01-06T02:05:30.058Z] > authorizing via signed-in user
[info] i  emulators: Starting emulators: functions, hosting {"metadata":{"emulator":{"name":"hub"},"message":"Starting emulators: functions, hosting"}}
[debug] [2021-01-06T02:05:30.260Z] [hub] writing locator at C:\Users\LOCALA~1\AppData\Local\Temp\hub-react-89078.json
[warn] !  functions: The following emulators are not running, calls to these services from the Functions emulator will affect production: auth, firestore, database, pubsub {"metadata":{"emulator":{"name":"functions"},"message":"The following emulators are not running, calls to these services from the Functions emulator will affect production: \u001b[1mauth, firestore, database, pubsub\u001b[22m"}}
[warn] !  Your requested "node" version "12" doesn't match your global version "14" {"metadata":{"emulator":{"name":"functions"},"message":"Your requested \"node\" version \"12\" doesn't match your global version \"14\""}}
[debug] [2021-01-06T02:05:30.996Z] defaultcredentials: writing to file C:\Users\localadmin\AppData\Roaming\firebase\ermileb2020_gmail_com_application_default_credentials.json
[debug] [2021-01-06T02:05:33.014Z] Setting GAC to C:\Users\localadmin\AppData\Roaming\firebase\ermileb2020_gmail_com_application_default_credentials.json {"metadata":{"emulator":{"name":"functions"},"message":"Setting GAC to C:\\Users\\localadmin\\AppData\\Roaming\\firebase\\ermileb2020_gmail_com_application_default_credentials.json"}}
[debug] [2021-01-06T02:05:33.077Z] > refreshing access token with scopes: ["email","https://www.googleapis.com/auth/cloud-platform","https://www.googleapis.com/auth/cloudplatformprojects.readonly","https://www.googleapis.com/auth/firebase","openid"]
[debug] [2021-01-06T02:05:33.079Z] >>> HTTP REQUEST POST https://www.googleapis.com/oauth2/v3/token  
 <request body omitted>
[debug] [2021-01-06T02:05:33.391Z] <<< [apiv2][status] GET https://firebase-public.firebaseio.com/cli.json 200
[debug] [2021-01-06T02:05:33.395Z] <<< [apiv2][body] GET https://firebase-public.firebaseio.com/cli.json {"cloudBuildErrorAfter":1594252800000,"cloudBuildWarnAfter":1590019200000,"defaultNode10After":1594252800000,"minVersion":"3.0.5","node8DeploysDisabledAfter":1613390400000,"node8RuntimeDisabledAfter":1615809600000,"node8WarnAfter":1600128000000}
[debug] [2021-01-06T02:05:34.031Z] <<< HTTP RESPONSE 200 {"pragma":"no-cache","expires":"Mon, 01 Jan 1990 00:00:00 GMT","date":"Wed, 06 Jan 2021 02:05:34 GMT","cache-control":"no-cache, no-store, max-age=0, must-revalidate","content-type":"application/json; charset=utf-8","vary":"X-Origin, Referer, Origin,Accept-Encoding","server":"scaffolding on HTTPServer2","x-xss-protection":"0","x-frame-options":"SAMEORIGIN","x-content-type-options":"nosniff","alt-svc":"h3-29=\":443\"; ma=2592000,h3-T051=\":443\"; ma=2592000,h3-Q050=\":443\"; ma=2592000,h3-Q046=\":443\"; ma=2592000,h3-Q043=\":443\"; ma=2592000,quic=\":443\"; ma=2592000; v=\"46,43\"","accept-ranges":"none","transfer-encoding":"chunked"}
[debug] [2021-01-06T02:05:34.167Z] >>> HTTP REQUEST GET https://firebase.googleapis.com/v1beta1/projects/react-89078/webApps/-/config  
 
[debug] [2021-01-06T02:05:35.098Z] <<< HTTP RESPONSE 200 {"content-type":"application/json; charset=UTF-8","vary":"X-Origin, Referer, Origin,Accept-Encoding","date":"Wed, 06 Jan 2021 02:05:35 GMT","server":"ESF","cache-control":"private","x-xss-protection":"0","x-frame-options":"SAMEORIGIN","x-content-type-options":"nosniff","alt-svc":"h3-29=\":443\"; ma=2592000,h3-T051=\":443\"; ma=2592000,h3-Q050=\":443\"; ma=2592000,h3-Q046=\":443\"; ma=2592000,h3-Q043=\":443\"; ma=2592000,quic=\":443\"; ma=2592000; v=\"46,43\"","accept-ranges":"none","transfer-encoding":"chunked"}
[info] i  hosting: Serving hosting files from: build {"metadata":{"emulator":{"name":"hosting"},"message":"Serving hosting files from: \u001b[1mbuild\u001b[22m"}}
[info] +  hosting: Local server: http://localhost:5000 {"metadata":{"emulator":{"name":"hosting"},"message":"Local server: \u001b[4m\u001b[1mhttp://localhost:5000\u001b[22m\u001b[24m"}}
[warn] !  ui: Emulator UI unable to start on port 4000, starting on 4002 instead. {"metadata":{"emulator":{"name":"ui"},"message":"Emulator UI unable to start on port 4000, starting on 4002 instead."}}
[debug] [2021-01-06T02:05:38.256Z] Ignoring unsupported arg: auto_download {"metadata":{"emulator":{"name":"ui"},"message":"Ignoring unsupported arg: auto_download"}}
[debug] [2021-01-06T02:05:38.257Z] Ignoring unsupported arg: port {"metadata":{"emulator":{"name":"ui"},"message":"Ignoring unsupported arg: port"}}
[debug] [2021-01-06T02:05:38.258Z] Starting Emulator UI with command {"binary":"node","args":["C:\\Users\\localadmin\\.cache\\firebase\\emulators\\ui-v1.4.1\\server.bundle.js"],"optionalArgs":[],"joinArgs":false} {"metadata":{"emulator":{"name":"ui"},"message":"Starting Emulator UI with command {\"binary\":\"node\",\"args\":[\"C:\\\\Users\\\\localadmin\\\\.cache\\\\firebase\\\\emulators\\\\ui-v1.4.1\\\\server.bundle.js\"],\"optionalArgs\":[],\"joinArgs\":false}"}}
[info] i  ui: Emulator UI logging to ui-debug.log {"metadata":{"emulator":{"name":"ui"},"message":"Emulator UI logging to \u001b[1mui-debug.log\u001b[22m"}}
[debug] [2021-01-06T02:05:40.919Z] Web / API server started at http://localhost:4002
 {"metadata":{"emulator":{"name":"ui"},"message":"Web / API server started at http://localhost:4002\n"}}
[info] i  functions: Watching "D:\04_Training\Evangadi\Portfolio\Amazon_Ermias\functions" for Cloud Functions... {"metadata":{"emulator":{"name":"functions"},"message":"Watching \"D:\\04_Training\\Evangadi\\Portfolio\\Amazon_Ermias\\functions\" for Cloud Functions..."}}
[debug] [2021-01-06T02:05:41.055Z] [worker-pool] addWorker(~diagnostic~) {"metadata":{"emulator":{"name":"functions"},"message":"[worker-pool] addWorker(~diagnostic~)"}}
[debug] [2021-01-06T02:05:41.056Z] [worker-pool] Adding worker with key ~diagnostic~, total=1 {"metadata":{"emulator":{"name":"functions"},"message":"[worker-pool] Adding worker with key ~diagnostic~, total=1"}}
[debug] [2021-01-06T02:05:41.056Z] [worker-pool] submitWork(triggerId=) {"metadata":{"emulator":{"name":"functions"},"message":"[worker-pool] submitWork(triggerId=)"}}
[debug] [2021-01-06T02:05:41.058Z] [worker-~diagnostic~-c76fb53c-e277-4627-8e9e-c8ebd5708dda]: Assigning socketPath: \\?\pipe\D:\04_Training\Evangadi\Portfolio\Amazon_Ermias\functions\25664 {"metadata":{"emulator":{"name":"functions"},"message":"[worker-~diagnostic~-c76fb53c-e277-4627-8e9e-c8ebd5708dda]: Assigning socketPath: \\\\?\\pipe\\D:\\04_Training\\Evangadi\\Portfolio\\Amazon_Ermias\\functions\\25664"}}
[debug] [2021-01-06T02:05:41.059Z] [worker-~diagnostic~-c76fb53c-e277-4627-8e9e-c8ebd5708dda]: BUSY {"metadata":{"emulator":{"name":"functions"},"message":"[worker-~diagnostic~-c76fb53c-e277-4627-8e9e-c8ebd5708dda]: BUSY"}}
[debug] [2021-01-06T02:05:43.438Z] [runtime-status] [25664] Functions runtime initialized. {"cwd":"D:\\04_Training\\Evangadi\\Portfolio\\Amazon_Ermias\\functions","node_version":"14.15.0"} {"metadata":{"emulator":{"name":"functions"},"message":"[runtime-status] [25664] Functions runtime initialized. {\"cwd\":\"D:\\\\04_Training\\\\Evangadi\\\\Portfolio\\\\Amazon_Ermias\\\\functions\",\"node_version\":\"14.15.0\"}"}}
[debug] [2021-01-06T02:05:43.444Z] [runtime-status] [25664] Disabled runtime features: undefined {"metadata":{"emulator":{"name":"functions"},"message":"[runtime-status] [25664] Disabled runtime features: undefined"}}
[debug] [2021-01-06T02:05:43.460Z] [runtime-status] [25664] Resolved module firebase-admin {"declared":true,"installed":true,"version":"9.4.2","resolution":"D:\\04_Training\\Evangadi\\Portfolio\\Amazon_Ermias\\functions\\node_modules\\firebase-admin\\lib\\index.js"} {"metadata":{"emulator":{"name":"functions"},"message":"[runtime-status] [25664] Resolved module firebase-admin {\"declared\":true,\"installed\":true,\"version\":\"9.4.2\",\"resolution\":\"D:\\\\04_Training\\\\Evangadi\\\\Portfolio\\\\Amazon_Ermias\\\\functions\\\\node_modules\\\\firebase-admin\\\\lib\\\\index.js\"}"}}
[debug] [2021-01-06T02:05:43.470Z] [runtime-status] [25664] Resolved module firebase-functions {"declared":true,"installed":true,"version":"3.13.0","resolution":"D:\\04_Training\\Evangadi\\Portfolio\\Amazon_Ermias\\functions\\node_modules\\firebase-functions\\lib\\index.js"} {"metadata":{"emulator":{"name":"functions"},"message":"[runtime-status] [25664] Resolved module firebase-functions {\"declared\":true,\"installed\":true,\"version\":\"3.13.0\",\"resolution\":\"D:\\\\04_Training\\\\Evangadi\\\\Portfolio\\\\Amazon_Ermias\\\\functions\\\\node_modules\\\\firebase-functions\\\\lib\\\\index.js\"}"}}
[debug] [2021-01-06T02:05:43.494Z] [runtime-status] [25664] Resolved module firebase-functions {"declared":true,"installed":true,"version":"3.13.0","resolution":"D:\\04_Training\\Evangadi\\Portfolio\\Amazon_Ermias\\functions\\node_modules\\firebase-functions\\lib\\index.js"} {"metadata":{"emulator":{"name":"functions"},"message":"[runtime-status] [25664] Resolved module firebase-functions {\"declared\":true,\"installed\":true,\"version\":\"3.13.0\",\"resolution\":\"D:\\\\04_Training\\\\Evangadi\\\\Portfolio\\\\Amazon_Ermias\\\\functions\\\\node_modules\\\\firebase-functions\\\\lib\\\\index.js\"}"}}
[debug] [2021-01-06T02:05:43.499Z] [runtime-status] [25664] Outgoing network have been stubbed. [{"name":"http","status":"mocked"},{"name":"http","status":"mocked"},{"name":"https","status":"mocked"},{"name":"https","status":"mocked"},{"name":"net","status":"mocked"}] {"metadata":{"emulator":{"name":"functions"},"message":"[runtime-status] [25664] Outgoing network have been stubbed. [{\"name\":\"http\",\"status\":\"mocked\"},{\"name\":\"http\",\"status\":\"mocked\"},{\"name\":\"https\",\"status\":\"mocked\"},{\"name\":\"https\",\"status\":\"mocked\"},{\"name\":\"net\",\"status\":\"mocked\"}]"}}
[debug] [2021-01-06T02:05:43.500Z] [runtime-status] [25664] Resolved module firebase-functions {"declared":true,"installed":true,"version":"3.13.0","resolution":"D:\\04_Training\\Evangadi\\Portfolio\\Amazon_Ermias\\functions\\node_modules\\firebase-functions\\lib\\index.js"} {"metadata":{"emulator":{"name":"functions"},"message":"[runtime-status] [25664] Resolved module firebase-functions {\"declared\":true,\"installed\":true,\"version\":\"3.13.0\",\"resolution\":\"D:\\\\04_Training\\\\Evangadi\\\\Portfolio\\\\Amazon_Ermias\\\\functions\\\\node_modules\\\\firebase-functions\\\\lib\\\\index.js\"}"}}
[debug] [2021-01-06T02:05:43.788Z] [runtime-status] [25664] Checked functions.config() {"config":{}} {"metadata":{"emulator":{"name":"functions"},"message":"[runtime-status] [25664] Checked functions.config() {\"config\":{}}"}}
[debug] [2021-01-06T02:05:43.789Z] [runtime-status] [25664] firebase-functions has been stubbed. {"functionsResolution":{"declared":true,"installed":true,"version":"3.13.0","resolution":"D:\\04_Training\\Evangadi\\Portfolio\\Amazon_Ermias\\functions\\node_modules\\firebase-functions\\lib\\index.js"}} {"metadata":{"emulator":{"name":"functions"},"message":"[runtime-status] [25664] firebase-functions has been stubbed. {\"functionsResolution\":{\"declared\":true,\"installed\":true,\"version\":\"3.13.0\",\"resolution\":\"D:\\\\04_Training\\\\Evangadi\\\\Portfolio\\\\Amazon_Ermias\\\\functions\\\\node_modules\\\\firebase-functions\\\\lib\\\\index.js\"}}"}}
[debug] [2021-01-06T02:05:43.794Z] [runtime-status] [25664] Resolved module firebase-functions {"declared":true,"installed":true,"version":"3.13.0","resolution":"D:\\04_Training\\Evangadi\\Portfolio\\Amazon_Ermias\\functions\\node_modules\\firebase-functions\\lib\\index.js"} {"metadata":{"emulator":{"name":"functions"},"message":"[runtime-status] [25664] Resolved module firebase-functions {\"declared\":true,\"installed\":true,\"version\":\"3.13.0\",\"resolution\":\"D:\\\\04_Training\\\\Evangadi\\\\Portfolio\\\\Amazon_Ermias\\\\functions\\\\node_modules\\\\firebase-functions\\\\lib\\\\index.js\"}"}}
[debug] [2021-01-06T02:05:43.799Z] [runtime-status] [25664] Resolved module firebase-admin {"declared":true,"installed":true,"version":"9.4.2","resolution":"D:\\04_Training\\Evangadi\\Portfolio\\Amazon_Ermias\\functions\\node_modules\\firebase-admin\\lib\\index.js"} {"metadata":{"emulator":{"name":"functions"},"message":"[runtime-status] [25664] Resolved module firebase-admin {\"declared\":true,\"installed\":true,\"version\":\"9.4.2\",\"resolution\":\"D:\\\\04_Training\\\\Evangadi\\\\Portfolio\\\\Amazon_Ermias\\\\functions\\\\node_modules\\\\firebase-admin\\\\lib\\\\index.js\"}"}}
[debug] [2021-01-06T02:05:43.805Z] [runtime-status] [25664] Resolved module firebase-functions {"declared":true,"installed":true,"version":"3.13.0","resolution":"D:\\04_Training\\Evangadi\\Portfolio\\Amazon_Ermias\\functions\\node_modules\\firebase-functions\\lib\\index.js"} {"metadata":{"emulator":{"name":"functions"},"message":"[runtime-status] [25664] Resolved module firebase-functions {\"declared\":true,\"installed\":true,\"version\":\"3.13.0\",\"resolution\":\"D:\\\\04_Training\\\\Evangadi\\\\Portfolio\\\\Amazon_Ermias\\\\functions\\\\node_modules\\\\firebase-functions\\\\lib\\\\index.js\"}"}}
[debug] [2021-01-06T02:05:43.807Z] [runtime-status] [25664] firebase-admin has been stubbed. {"adminResolution":{"declared":true,"installed":true,"version":"9.4.2","resolution":"D:\\04_Training\\Evangadi\\Portfolio\\Amazon_Ermias\\functions\\node_modules\\firebase-admin\\lib\\index.js"}} {"metadata":{"emulator":{"name":"functions"},"message":"[runtime-status] [25664] firebase-admin has been stubbed. {\"adminResolution\":{\"declared\":true,\"installed\":true,\"version\":\"9.4.2\",\"resolution\":\"D:\\\\04_Training\\\\Evangadi\\\\Portfolio\\\\Amazon_Ermias\\\\functions\\\\node_modules\\\\firebase-admin\\\\lib\\\\index.js\"}}"}}
[info] +  functions[api]: http function initialized (http://localhost:5001/react-89078/us-central1/api). {"metadata":{"emulator":{"name":"functions"},"message":"\u001b[1mhttp\u001b[22m function initialized (http://localhost:5001/react-89078/us-central1/api)."}}
[info] 
┌─────────────────────────────────────────────────────────────┐
│ ✔  All emulators ready! It is now safe to connect your app. │
│ i  View Emulator UI at http://localhost:4002                │
└─────────────────────────────────────────────────────────────┘

┌───────────┬────────────────┬─────────────────────────────────┐
│ Emulator  │ Host:Port      │ View in Emulator UI             │
├───────────┼────────────────┼─────────────────────────────────┤
│ Functions │ localhost:5001 │ http://localhost:4002/functions │
├───────────┼────────────────┼─────────────────────────────────┤
│ Hosting   │ localhost:5000 │ n/a                             │
└───────────┴────────────────┴─────────────────────────────────┘
  Emulator Hub running at localhost:4400
  Other reserved ports: 4500

Issues? Report them at https://github.com/firebase/firebase-tools/issues and attach the *-debug.log files.
 
[debug] [2021-01-06T02:05:47.189Z] [worker-~diagnostic~-c76fb53c-e277-4627-8e9e-c8ebd5708dda]: IDLE {"metadata":{"emulator":{"name":"functions"},"message":"[worker-~diagnostic~-c76fb53c-e277-4627-8e9e-c8ebd5708dda]: IDLE"}}
